.====================================================================.
                                                                      
 .d8888b.   .o8888b.   db  .d8888b.  d8888b. d88888b d8888b.  .d888b. 
.8P    Y8. d8P    Y8   88 .8P    Y8. 88  `8D 88'     88  `8D .8P , Y8.
88      88 8P      oooo88 88      88 88oooY' 88oooo  88oobY' 88  |  88
88      88 8b      ~~~~88 88      88 88~~~b. 88~~~~  88`8b   88  |/ 88
`8b    d8' Y8b    d8   88 `8b    d8' 88   8D 88.     88 `88. `8b | d8'
 `Y8888P'   `Y8888P'   YP  `Y8888P'  Y8888P' Y88888P 88   YD  `Y888P' 
                                                                      
`========================== INSTALLATION LOG ========================'

[2018/11/26 04:33:09] Host: Windows NT DESKTOP-J8JPEE4 10.0 build 17134 (Windows 10) i586
[2018/11/26 04:33:09] PHP version: 7.2.12
[2018/11/26 04:33:09] Server software: Apache/2.4.37 (Win32) OpenSSL/1.1.1 PHP/7.2.12
[2018/11/26 04:33:09] Operating system: WINNT
[2018/11/26 04:33:09] Memory limit: 128M
[2018/11/26 04:33:09] Max execution time: 3600
.============================ POST REQUEST ==========================.
[2018/11/26 04:33:10] Postback payload: Array
(
    [code] => phpVersion
    [handler] => onCheckRequirement
)

[2018/11/26 04:33:10] System check: phpVersion
[2018/11/26 04:33:10] Requirement phpVersion +OK
[2018/11/26 04:33:10] Execute handler (onCheckRequirement): Array
(
    [result] => 1
)

.============================ POST REQUEST ==========================.
[2018/11/26 04:33:10] Postback payload: Array
(
    [code] => curlLibrary
    [handler] => onCheckRequirement
)

[2018/11/26 04:33:10] System check: curlLibrary
[2018/11/26 04:33:10] Requirement curlLibrary +OK
[2018/11/26 04:33:10] Execute handler (onCheckRequirement): Array
(
    [result] => 1
)

.============================ POST REQUEST ==========================.
[2018/11/26 04:33:11] Postback payload: Array
(
    [code] => liveConnection
    [handler] => onCheckRequirement
)

[2018/11/26 04:33:11] System check: liveConnection
[2018/11/26 04:33:13] Server request: ping
[2018/11/26 04:33:13] Request information: Array
(
    [url] => http://octobercms.com/api/ping
    [content_type] => application/json
    [http_code] => 200
    [header_size] => 361
    [request_size] => 167
    [filetime] => -1
    [ssl_verify_result] => 0
    [redirect_count] => 0
    [total_time] => 2.032
    [namelookup_time] => 1.532
    [connect_time] => 1.579
    [pretransfer_time] => 1.579
    [size_upload] => 36
    [size_download] => 12
    [speed_download] => 5
    [speed_upload] => 17
    [download_content_length] => 12
    [upload_content_length] => 36
    [starttransfer_time] => 2.032
    [redirect_time] => 0
    [redirect_url] => 
    [primary_ip] => 104.24.112.12
    [certinfo] => Array
        (
        )

    [primary_port] => 80
    [local_ip] => 192.168.3.108
    [local_port] => 50486
)

[2018/11/26 04:33:13] Requirement liveConnection +OK
[2018/11/26 04:33:13] Execute handler (onCheckRequirement): Array
(
    [result] => 1
)

.============================ POST REQUEST ==========================.
[2018/11/26 04:33:14] Postback payload: Array
(
    [code] => writePermission
    [handler] => onCheckRequirement
)

[2018/11/26 04:33:14] System check: writePermission
[2018/11/26 04:33:14] Requirement writePermission +OK
[2018/11/26 04:33:14] Execute handler (onCheckRequirement): Array
(
    [result] => 1
)

.============================ POST REQUEST ==========================.
[2018/11/26 04:33:14] Postback payload: Array
(
    [code] => pdoLibrary
    [handler] => onCheckRequirement
)

[2018/11/26 04:33:14] System check: pdoLibrary
[2018/11/26 04:33:14] Requirement pdoLibrary +OK
[2018/11/26 04:33:14] Execute handler (onCheckRequirement): Array
(
    [result] => 1
)

.============================ POST REQUEST ==========================.
[2018/11/26 04:33:15] Postback payload: Array
(
    [code] => mbstringLibrary
    [handler] => onCheckRequirement
)

[2018/11/26 04:33:15] System check: mbstringLibrary
[2018/11/26 04:33:15] Requirement mbstringLibrary +OK
[2018/11/26 04:33:15] Execute handler (onCheckRequirement): Array
(
    [result] => 1
)

.============================ POST REQUEST ==========================.
[2018/11/26 04:33:15] Postback payload: Array
(
    [code] => fileinfoLibrary
    [handler] => onCheckRequirement
)

[2018/11/26 04:33:15] System check: fileinfoLibrary
[2018/11/26 04:33:15] Requirement fileinfoLibrary +OK
[2018/11/26 04:33:15] Execute handler (onCheckRequirement): Array
(
    [result] => 1
)

.============================ POST REQUEST ==========================.
[2018/11/26 04:33:16] Postback payload: Array
(
    [code] => sslLibrary
    [handler] => onCheckRequirement
)

[2018/11/26 04:33:16] System check: sslLibrary
[2018/11/26 04:33:16] Requirement sslLibrary +OK
[2018/11/26 04:33:16] Execute handler (onCheckRequirement): Array
(
    [result] => 1
)

.============================ POST REQUEST ==========================.
[2018/11/26 04:33:16] Postback payload: Array
(
    [code] => zipLibrary
    [handler] => onCheckRequirement
)

[2018/11/26 04:33:16] System check: zipLibrary
[2018/11/26 04:33:16] Requirement zipLibrary +OK
[2018/11/26 04:33:16] Execute handler (onCheckRequirement): Array
(
    [result] => 1
)

.============================ POST REQUEST ==========================.
[2018/11/26 04:33:17] Postback payload: Array
(
    [code] => gdLibrary
    [handler] => onCheckRequirement
)

[2018/11/26 04:33:17] System check: gdLibrary
[2018/11/26 04:33:17] Requirement gdLibrary +OK
[2018/11/26 04:33:17] Execute handler (onCheckRequirement): Array
(
    [result] => 1
)

.============================ POST REQUEST ==========================.
[2018/11/26 04:37:00] Postback payload: Array
(
    [db_type] => mysql
    [db_host] => localhost
    [db_port] => 
    [db_name] => octcms
    [db_user] => admin
    [db_pass] => *******
    [admin_first_name] => Admin
    [admin_last_name] => Person
    [admin_email] => *******@*****.com
    [admin_login] => admin
    [admin_password] => *******
    [admin_confirm_password] => *******
    [backend_uri] => /backend
    [encryption_code] => *******
    [file_mask] => 777
    [folder_mask] => 777
    [handler] => onValidateDatabase
)

[2018/11/26 04:37:00] Handler error (onValidateDatabase): Connection failed: SQLSTATE[HY000] [1045] Access denied for user 'admin'@'localhost' (using password: YES)
[2018/11/26 04:37:00] Trace log:
#0 C:\xampp\htdocs\octcms\install_files\php\Installer.php(48): Installer->onValidateDatabase()
#1 C:\xampp\htdocs\octcms\install_files\php\boot.php(91): Installer->__construct()
#2 C:\xampp\htdocs\octcms\install.php(1): include('C:\\xampp\\htdocs...')
#3 {main}
.============================ POST REQUEST ==========================.
[2018/11/26 04:37:10] Postback payload: Array
(
    [db_type] => mysql
    [db_host] => localhost
    [db_port] => 
    [db_name] => octcms
    [db_user] => root
    [db_pass] => *******
    [admin_first_name] => Admin
    [admin_last_name] => Person
    [admin_email] => *******@*****.com
    [admin_login] => admin
    [admin_password] => *******
    [admin_confirm_password] => *******
    [backend_uri] => /backend
    [encryption_code] => *******
    [file_mask] => 777
    [folder_mask] => 777
    [handler] => onValidateDatabase
)

.============================ POST REQUEST ==========================.
[2018/11/26 04:37:10] Postback payload: Array
(
    [db_type] => mysql
    [db_host] => localhost
    [db_port] => 
    [db_name] => octcms
    [db_user] => root
    [db_pass] => *******
    [admin_first_name] => Admin
    [admin_last_name] => Person
    [admin_email] => *******@*****.com
    [admin_login] => admin
    [admin_password] => *******
    [admin_confirm_password] => *******
    [backend_uri] => /backend
    [encryption_code] => *******
    [file_mask] => 777
    [folder_mask] => 777
    [handler] => onValidateAdminAccount
)

[2018/11/26 04:37:10] Handler error (onValidateAdminAccount): Please specify password
[2018/11/26 04:37:10] Trace log:
#0 C:\xampp\htdocs\octcms\install_files\php\Installer.php(48): Installer->onValidateAdminAccount()
#1 C:\xampp\htdocs\octcms\install_files\php\boot.php(91): Installer->__construct()
#2 C:\xampp\htdocs\octcms\install.php(1): include('C:\\xampp\\htdocs...')
#3 {main}
.============================ POST REQUEST ==========================.
[2018/11/26 04:37:39] Postback payload: Array
(
    [db_type] => mysql
    [db_host] => localhost
    [db_port] => 
    [db_name] => octcms
    [db_user] => root
    [db_pass] => *******
    [admin_first_name] => Admin
    [admin_last_name] => arafat
    [admin_email] => *******@*****.com
    [admin_login] => admin
    [admin_password] => *******
    [admin_confirm_password] => *******
    [backend_uri] => /backend
    [encryption_code] => *******
    [file_mask] => 777
    [folder_mask] => 777
    [handler] => onValidateDatabase
)

.============================ POST REQUEST ==========================.
[2018/11/26 04:37:39] Postback payload: Array
(
    [db_type] => mysql
    [db_host] => localhost
    [db_port] => 
    [db_name] => octcms
    [db_user] => root
    [db_pass] => *******
    [admin_first_name] => Admin
    [admin_last_name] => arafat
    [admin_email] => *******@*****.com
    [admin_login] => admin
    [admin_password] => *******
    [admin_confirm_password] => *******
    [backend_uri] => /backend
    [encryption_code] => *******
    [file_mask] => 777
    [folder_mask] => 777
    [handler] => onValidateAdminAccount
)

.============================ POST REQUEST ==========================.
[2018/11/26 04:37:39] Postback payload: Array
(
    [db_type] => mysql
    [db_host] => localhost
    [db_port] => 
    [db_name] => octcms
    [db_user] => root
    [db_pass] => *******
    [admin_first_name] => Admin
    [admin_last_name] => arafat
    [admin_email] => *******@*****.com
    [admin_login] => admin
    [admin_password] => *******
    [admin_confirm_password] => *******
    [backend_uri] => /backend
    [encryption_code] => *******
    [file_mask] => 777
    [folder_mask] => 777
    [handler] => onValidateAdvancedConfig
)

.============================ POST REQUEST ==========================.
[2018/11/26 04:37:47] Postback payload: Array
(
    [handler] => onGetPopularThemes
)

[2018/11/26 04:37:49] Server request: theme/popular
[2018/11/26 04:37:49] Request information: Array
(
    [url] => http://octobercms.com/api/theme/popular
    [content_type] => application/json
    [http_code] => 200
    [header_size] => 363
    [request_size] => 176
    [filetime] => -1
    [ssl_verify_result] => 0
    [redirect_count] => 0
    [total_time] => 1.843
    [namelookup_time] => 1.328
    [connect_time] => 1.375
    [pretransfer_time] => 1.375
    [size_upload] => 36
    [size_download] => 3875
    [speed_download] => 2102
    [speed_upload] => 19
    [download_content_length] => 3875
    [upload_content_length] => 36
    [starttransfer_time] => 1.843
    [redirect_time] => 0
    [redirect_url] => 
    [primary_ip] => 104.24.112.12
    [certinfo] => Array
        (
        )

    [primary_port] => 80
    [local_ip] => 192.168.3.108
    [local_port] => 50657
)

[2018/11/26 04:37:49] Execute handler (onGetPopularThemes): Array
(
    [0] => Array
        (
            [name] => Clean Blog
            [description] => Clean blogger theme.
            [code] => Responsiv.Clean
            [updated_at] => 2017-04-03 19:39:38
            [image] => //octobercms.com/storage/app/uploads/public/58e/304/7a4/thumb_6978_210_140_0_0_crop.png
            [author] => Responsiv Internet
            [hash] => 07e5b7066168a94349ac92018770c2e8
            [demo_url] => http://daftspunk.com/
            [product_url] => http://octobercms.com/theme/responsiv-clean
        )

    [1] => Array
        (
            [name] => New Age
            [description] => Landing page for mobile apps
            [code] => VojtaSvoboda.newage
            [updated_at] => 2016-10-20 17:20:43
            [image] => //octobercms.com/storage/app/uploads/public/580/7eb/dc9/thumb_5770_210_140_0_0_crop.png
            [author] => Vojta Svoboda
            [hash] => 09d9e47e64a2ed47dc35146a792008c2
            [demo_url] => https://blackrockdigital.github.io/startbootstrap-new-age/
            [product_url] => http://octobercms.com/theme/vojtasvoboda-newage
        )

    [2] => Array
        (
            [name] => Stellar
            [description] => a clean, responsive one page and blog theme
            [code] => Zwiebl.zwiebl_stellar
            [updated_at] => 2016-09-27 16:56:35
            [image] => //octobercms.com/storage/app/uploads/public/57e/bb4/fe9/thumb_5641_210_140_0_0_crop.png
            [author] => Alpen.Space
            [hash] => 19345446d87ad08e6937503019a43fd9
            [demo_url] => https://demo-stellar.alpen.space/
            [product_url] => http://octobercms.com/theme/zwiebl-zwiebl-stellar
        )

    [3] => Array
        (
            [name] => Blank Bootstrap 4
            [description] => A blank Bootstrap 4 template
            [code] => Hambern.hambern-blank-bootstrap-4
            [updated_at] => 2016-08-23 17:57:44
            [image] => //octobercms.com/storage/app/uploads/public/57b/9ba/c48/thumb_5365_210_140_0_0_crop.png
            [author] => Mattias Hamberg
            [hash] => 9a6762de633774de2cebf69a88f290d1
            [demo_url] => 
            [product_url] => http://octobercms.com/theme/hambern-hambern-blank-bootstrap-4
        )

    [4] => Array
        (
            [name] => Bonjour
            [description] => A sample multi-lingual theme for translated content.
            [code] => RainLab.Bonjour
            [updated_at] => 2016-07-03 21:05:29
            [image] => //octobercms.com/storage/app/uploads/public/577/9df/850/thumb_4911_210_140_0_0_crop.png
            [author] => RainLab
            [hash] => f1084f81e0e1c5c8d22317794292deb3
            [demo_url] => 
            [product_url] => http://octobercms.com/theme/rainlab-bonjour
        )

    [5] => Array
        (
            [name] => Viola
            [description] => One Page Theme based on Bootstrap 4 with different color schemes, scss files included
            [code] => JumpLink.Viola
            [updated_at] => 2016-07-11 09:55:39
            [image] => //octobercms.com/storage/app/uploads/public/574/6af/435/thumb_4705_210_140_0_0_crop.png
            [author] => JumpLink
            [hash] => fe09a3915724fcc241e0e5914c8ea346
            [demo_url] => http://healthyteeth.jumplink.eu/
            [product_url] => http://octobercms.com/theme/jumplink-viola
        )

    [6] => Array
        (
            [name] => Relax
            [description] => A fictional site called House of Chairs that demonstrates how to build a client-friendly website.
            [code] => RainLab.Relax
            [updated_at] => 2015-07-01 19:16:08
            [image] => //octobercms.com/storage/app/uploads/public/559/49e/2da/thumb_2585_210_140_0_0_crop.png
            [author] => RainLab
            [hash] => a35c64b09ad6347b8a226291e5b8fd75
            [demo_url] => 
            [product_url] => http://octobercms.com/theme/rainlab-relax
        )

    [7] => Array
        (
            [name] => Vanilla
            [description] => A plain starter template that implements account management, a blog and community forum.
            [code] => RainLab.Vanilla
            [updated_at] => 2015-04-14 16:37:36
            [image] => //octobercms.com/storage/app/uploads/public/552/da4/0f8/thumb_2106_210_140_0_0_crop.png
            [author] => RainLab
            [hash] => 4b893d1c085a298e9b9b1d13635a675f
            [demo_url] => 
            [product_url] => http://octobercms.com/theme/rainlab-vanilla
        )

    [8] => Array
        (
            [name] => Flat UI
            [description] => A theme that uses a Flat user-interface and has no dependencies on others plugins.
            [code] => Responsiv.Flat
            [updated_at] => 2014-07-23 21:32:51
            [image] => //octobercms.com/storage/app/uploads/public/53d/084/fbc/thumb_543_210_140_0_0_crop.png
            [author] => Responsiv Internet
            [hash] => 3b3994c2c50d1b0f49a0725d764c12e8
            [demo_url] => 
            [product_url] => http://octobercms.com/theme/responsiv-flat
        )

)

.============================ POST REQUEST ==========================.
[2018/11/26 04:45:43] Postback payload: Array
(
    [name] => Hambern.hambern-blank-bootstrap-4
    [handler] => onThemeDetails
)

[2018/11/26 04:45:43] Server request: theme/detail
[2018/11/26 04:45:43] Request information: Array
(
    [url] => http://octobercms.com/api/theme/detail
    [content_type] => application/json
    [http_code] => 200
    [header_size] => 362
    [request_size] => 214
    [filetime] => -1
    [ssl_verify_result] => 0
    [redirect_count] => 0
    [total_time] => 0.688
    [namelookup_time] => 0.172
    [connect_time] => 0.219
    [pretransfer_time] => 0.219
    [size_upload] => 75
    [size_download] => 439
    [speed_download] => 638
    [speed_upload] => 109
    [download_content_length] => 439
    [upload_content_length] => 75
    [starttransfer_time] => 0.688
    [redirect_time] => 0
    [redirect_url] => 
    [primary_ip] => 104.24.112.12
    [certinfo] => Array
        (
        )

    [primary_port] => 80
    [local_ip] => 192.168.3.108
    [local_port] => 51000
)

[2018/11/26 04:45:43] Execute handler (onThemeDetails): Array
(
    [name] => Blank Bootstrap 4
    [description] => A blank Bootstrap 4 template
    [code] => Hambern.hambern-blank-bootstrap-4
    [updated_at] => 2016-08-23 17:57:44
    [image] => //octobercms.com/storage/app/uploads/public/57b/9ba/c48/thumb_5365_210_140_0_0_crop.png
    [author] => Mattias Hamberg
    [hash] => 9a6762de633774de2cebf69a88f290d1
    [demo_url] => 
    [product_url] => http://octobercms.com/theme/hambern-hambern-blank-bootstrap-4
    [require] => Array
        (
        )

)

.============================ POST REQUEST ==========================.
[2018/11/26 04:45:43] Postback payload: Array
(
    [step] => getMetaData
    [meta] => 
    [themes] => Array
        (
            [0] => Array
                (
                    [name] => Blank Bootstrap 4
                    [description] => A blank Bootstrap 4 template
                    [code] => Hambern.hambern-blank-bootstrap-4
                    [updated_at] => 2016-08-23 17:57:44
                    [image] => //octobercms.com/storage/app/uploads/public/57b/9ba/c48/thumb_5365_210_140_0_0_crop.png
                    [author] => Mattias Hamberg
                    [hash] => 9a6762de633774de2cebf69a88f290d1
                    [demo_url] => 
                    [product_url] => http://octobercms.com/theme/hambern-hambern-blank-bootstrap-4
                )

        )

    [handler] => onInstallStep
)

[2018/11/26 04:45:43] Install step: getMetaData
[2018/11/26 04:45:44] Server request: core/install
[2018/11/26 04:45:44] Request information: Array
(
    [url] => http://octobercms.com/api/core/install
    [content_type] => application/json
    [http_code] => 200
    [header_size] => 362
    [request_size] => 223
    [filetime] => -1
    [ssl_verify_result] => 0
    [redirect_count] => 0
    [total_time] => 0.829
    [namelookup_time] => 0.235
    [connect_time] => 0.282
    [pretransfer_time] => 0.282
    [size_upload] => 84
    [size_download] => 202
    [speed_download] => 243
    [speed_upload] => 101
    [download_content_length] => 202
    [upload_content_length] => 84
    [starttransfer_time] => 0.829
    [redirect_time] => 0
    [redirect_url] => 
    [primary_ip] => 104.24.112.12
    [certinfo] => Array
        (
        )

    [primary_port] => 80
    [local_ip] => 192.168.3.108
    [local_port] => 51001
)

[2018/11/26 04:45:44] Step getMetaData +OK
[2018/11/26 04:45:44] Execute handler (onInstallStep): Array
(
    [result] => Array
        (
            [core] => Array
                (
                    [hash] => f4018fccd269a1ddcedc4a0e0c13d3d9
                    [build] => 443
                    [uhash] => 8dccb2043759b385e46cc3cf6a36c4b4
                )

            [plugins] => Array
                (
                )

            [themes] => Array
                (
                    [Hambern.hambern-blank-bootstrap-4] => 9a6762de633774de2cebf69a88f290d1
                )

        )

)

.============================ POST REQUEST ==========================.
[2018/11/26 04:45:45] Postback payload: Array
(
    [step] => downloadCore
    [meta] => Array
        (
            [core] => Array
                (
                    [hash] => f4018fccd269a1ddcedc4a0e0c13d3d9
                    [build] => 443
                    [uhash] => 8dccb2043759b385e46cc3cf6a36c4b4
                )

            [themes] => Array
                (
                    [Hambern.hambern-blank-bootstrap-4] => 9a6762de633774de2cebf69a88f290d1
                )

        )

    [handler] => onInstallStep
)

[2018/11/26 04:45:45] Install step: downloadCore
[2018/11/26 04:45:56] Saving to file (core): C:/xampp/htdocs/octcms/install_files/temp/a74ad8dfacd4f985eb3977517615ce25.arc
[2018/11/26 04:45:56] Step downloadCore +OK
[2018/11/26 04:45:56] Execute handler (onInstallStep): Array
(
    [result] => 
)

.============================ POST REQUEST ==========================.
[2018/11/26 04:45:57] Postback payload: Array
(
    [step] => downloadTheme
    [meta] => Array
        (
            [core] => Array
                (
                    [hash] => f4018fccd269a1ddcedc4a0e0c13d3d9
                    [build] => 443
                    [uhash] => 8dccb2043759b385e46cc3cf6a36c4b4
                )

            [themes] => Array
                (
                    [Hambern.hambern-blank-bootstrap-4] => 9a6762de633774de2cebf69a88f290d1
                )

        )

    [name] => Hambern.hambern-blank-bootstrap-4
    [handler] => onInstallStep
)

[2018/11/26 04:45:57] Install step: downloadTheme
[2018/11/26 04:46:01] Saving to file (Hambern.hambern-blank-bootstrap-4-theme): C:/xampp/htdocs/octcms/install_files/temp/06ffcd64f2edcc0d2254721fd28db761.arc
[2018/11/26 04:46:01] Step downloadTheme +OK
[2018/11/26 04:46:01] Execute handler (onInstallStep): Array
(
    [result] => 
)

.============================ POST REQUEST ==========================.
[2018/11/26 04:46:02] Postback payload: Array
(
    [step] => extractCore
    [meta] => Array
        (
            [core] => Array
                (
                    [hash] => f4018fccd269a1ddcedc4a0e0c13d3d9
                    [build] => 443
                    [uhash] => 8dccb2043759b385e46cc3cf6a36c4b4
                )

            [themes] => Array
                (
                    [Hambern.hambern-blank-bootstrap-4] => 9a6762de633774de2cebf69a88f290d1
                )

        )

    [handler] => onInstallStep
)

[2018/11/26 04:46:02] Install step: extractCore
[2018/11/26 04:46:02] Extracting file (core): a74ad8dfacd4f985eb3977517615ce25.arc
[2018/11/26 04:47:24] Step extractCore +OK
[2018/11/26 04:47:24] Execute handler (onInstallStep): Array
(
    [result] => 1
)

.============================ POST REQUEST ==========================.
[2018/11/26 04:47:24] Postback payload: Array
(
    [step] => extractTheme
    [meta] => Array
        (
            [core] => Array
                (
                    [hash] => f4018fccd269a1ddcedc4a0e0c13d3d9
                    [build] => 443
                    [uhash] => 8dccb2043759b385e46cc3cf6a36c4b4
                )

            [themes] => Array
                (
                    [Hambern.hambern-blank-bootstrap-4] => 9a6762de633774de2cebf69a88f290d1
                )

        )

    [name] => Hambern.hambern-blank-bootstrap-4
    [handler] => onInstallStep
)

[2018/11/26 04:47:24] Install step: extractTheme
[2018/11/26 04:47:24] Extracting file (Hambern.hambern-blank-bootstrap-4-theme): 06ffcd64f2edcc0d2254721fd28db761.arc
[2018/11/26 04:47:29] Step extractTheme +OK
[2018/11/26 04:47:29] Execute handler (onInstallStep): Array
(
    [result] => 1
)

.============================ POST REQUEST ==========================.
[2018/11/26 04:47:29] Postback payload: Array
(
    [step] => setupConfig
    [meta] => Array
        (
            [core] => Array
                (
                    [hash] => f4018fccd269a1ddcedc4a0e0c13d3d9
                    [build] => 443
                    [uhash] => 8dccb2043759b385e46cc3cf6a36c4b4
                )

            [themes] => Array
                (
                    [Hambern.hambern-blank-bootstrap-4] => 9a6762de633774de2cebf69a88f290d1
                )

        )

    [db_type] => mysql
    [db_host] => localhost
    [db_port] => 
    [db_name] => octcms
    [db_user] => root
    [db_pass] => *******
    [admin_first_name] => Admin
    [admin_last_name] => arafat
    [admin_email] => *******@*****.com
    [admin_login] => admin
    [admin_password] => *******
    [admin_confirm_password] => *******
    [backend_uri] => /backend
    [encryption_code] => *******
    [file_mask] => 777
    [folder_mask] => 777
    [active_theme] => Hambern.hambern-blank-bootstrap-4
    [handler] => onInstallStep
)

[2018/11/26 04:47:29] Install step: setupConfig
[2018/11/26 03:47:29] Step setupConfig +OK
[2018/11/26 03:47:29] Execute handler (onInstallStep): Array
(
    [result] => 
)

.============================ POST REQUEST ==========================.
[2018/11/26 04:47:30] Postback payload: Array
(
    [step] => createAdmin
    [meta] => Array
        (
            [core] => Array
                (
                    [hash] => f4018fccd269a1ddcedc4a0e0c13d3d9
                    [build] => 443
                    [uhash] => 8dccb2043759b385e46cc3cf6a36c4b4
                )

            [themes] => Array
                (
                    [Hambern.hambern-blank-bootstrap-4] => 9a6762de633774de2cebf69a88f290d1
                )

        )

    [db_type] => mysql
    [db_host] => localhost
    [db_port] => 
    [db_name] => octcms
    [db_user] => root
    [db_pass] => *******
    [admin_first_name] => Admin
    [admin_last_name] => arafat
    [admin_email] => *******@*****.com
    [admin_login] => admin
    [admin_password] => *******
    [admin_confirm_password] => *******
    [backend_uri] => /backend
    [encryption_code] => *******
    [file_mask] => 777
    [folder_mask] => 777
    [active_theme] => Hambern.hambern-blank-bootstrap-4
    [handler] => onInstallStep
)

[2018/11/26 04:47:30] Install step: createAdmin
[2018/11/26 03:47:54] Step createAdmin +OK
[2018/11/26 03:47:54] Execute handler (onInstallStep): Array
(
    [result] => 
)

.============================ POST REQUEST ==========================.
[2018/11/26 04:47:55] Postback payload: Array
(
    [disableLog] => 1
)

[2018/11/26 04:47:55] Install step: setupProject
[2018/11/26 04:47:55] Step setupProject +OK
[2018/11/26 04:47:55] Execute handler (onInstallStep): Array
(
    [result] => 
)

.============================ POST REQUEST ==========================.
[2018/11/26 04:47:56] Postback payload: Array
(
    [step] => finishInstall
    [meta] => Array
        (
            [core] => Array
                (
                    [hash] => f4018fccd269a1ddcedc4a0e0c13d3d9
                    [build] => 443
                    [uhash] => 8dccb2043759b385e46cc3cf6a36c4b4
                )

            [themes] => Array
                (
                    [Hambern.hambern-blank-bootstrap-4] => 9a6762de633774de2cebf69a88f290d1
                )

        )

    [hash] => f4018fccd269a1ddcedc4a0e0c13d3d9
    [build] => 443
    [uhash] => 8dccb2043759b385e46cc3cf6a36c4b4
    [handler] => onInstallStep
)

[2018/11/26 04:47:56] Install step: finishInstall
[2018/11/26 03:47:56] Cleaning up file: 06ffcd64f2edcc0d2254721fd28db761.arc
[2018/11/26 03:47:57] Cleaning up file: a74ad8dfacd4f985eb3977517615ce25.arc
[2018/11/26 03:47:57] Step finishInstall +OK
[2018/11/26 03:47:57] Execute handler (onInstallStep): Array
(
    [result] => 
)

